Using pre-set license
Built from '2020.3/staging' branch; Version is '2020.3.0f1 (c7b5465681fb) revision 13088070'; Using compiler version '192528614'; Build Type 'Release'
OS: 'Windows 10 Home; OS build 19043.1348; Version 2009; 64bit' Language: 'en' Physical Memory: 16301 MB
BatchMode: 1, IsHumanControllingUs: 0, StartBugReporterOnCrash: 0, Is64bit: 1, IsPro: 0

 COMMAND LINE ARGUMENTS:
C:\Program Files\Unity\Hub\Editor\2020.3.0f1\Editor\Unity.exe
-adb2
-batchMode
-noUpm
-name
AssetImportWorker0
-projectPath
D:/GIT/Personal Project/Personal-Project/Personal Project
-logFile
Logs/AssetImportWorker0.log
-srvPort
50225
Successfully changed project path to: D:/GIT/Personal Project/Personal-Project/Personal Project
D:/GIT/Personal Project/Personal-Project/Personal Project
Using Asset Import Pipeline V2.
Refreshing native plugins compatible for Editor in 19.21 ms, found 0 plugins.
Preloading 0 native plugins for Editor in 0.00 ms.
Initialize engine version: 2020.3.0f1 (c7b5465681fb)
[Subsystems] Discovering subsystems at path C:/Program Files/Unity/Hub/Editor/2020.3.0f1/Editor/Data/Resources/UnitySubsystems
[Subsystems] Discovering subsystems at path D:/GIT/Personal Project/Personal-Project/Personal Project/Assets
GfxDevice: creating device client; threaded=0
Direct3D:
    Version:  Direct3D 11.0 [level 11.1]
    Renderer: NVIDIA GeForce GTX 1660 (ID=0x2184)
    Vendor:   
    VRAM:     5991 MB
    Driver:   27.21.14.5671
Initialize mono
Mono path[0] = 'C:/Program Files/Unity/Hub/Editor/2020.3.0f1/Editor/Data/Managed'
Mono path[1] = 'C:/Program Files/Unity/Hub/Editor/2020.3.0f1/Editor/Data/MonoBleedingEdge/lib/mono/unityjit'
Mono config path = 'C:/Program Files/Unity/Hub/Editor/2020.3.0f1/Editor/Data/MonoBleedingEdge/etc'
Using monoOptions --debugger-agent=transport=dt_socket,embedding=1,server=y,suspend=n,address=127.0.0.1:56328
Begin MonoManager ReloadAssembly
Registering precompiled unity dll's ...
Register platform support module: C:/Program Files/Unity/Hub/Editor/2020.3.0f1/Editor/Data/PlaybackEngines/WindowsStandaloneSupport/UnityEditor.WindowsStandalone.Extensions.dll
Registered in 0.001858 seconds.
Native extension for WindowsStandalone target not found
Refreshing native plugins compatible for Editor in 18.98 ms, found 0 plugins.
Preloading 0 native plugins for Editor in 0.00 ms.
Invoked RoslynAnalysisRunner static constructor.
RoslynAnalysisRunner will not be running.
RoslynAnalysisRunner has terminated.
Mono: successfully reloaded assembly
- Completed reload, in  1.066 seconds
Platform modules already initialized, skipping
Registering precompiled user dll's ...
Registered in 0.000422 seconds.
Begin MonoManager ReloadAssembly
Native extension for WindowsStandalone target not found
Refreshing native plugins compatible for Editor in 0.17 ms, found 0 plugins.
Preloading 0 native plugins for Editor in 0.00 ms.
Invoked RoslynAnalysisRunner static constructor.
RoslynAnalysisRunner will not be running.
RoslynAnalysisRunner has terminated.
Mono: successfully reloaded assembly
- Completed reload, in  0.739 seconds
Platform modules already initialized, skipping
========================================================================
Worker process is ready to serve import requests
Launched and connected shader compiler UnityShaderCompiler.exe after 0.04 seconds
Refreshing native plugins compatible for Editor in 0.17 ms, found 0 plugins.
Preloading 0 native plugins for Editor in 0.00 ms.
Unloading 1115 Unused Serialized files (Serialized files now loaded: 0)
System memory in use before: 57.0 MB.
System memory in use after: 57.0 MB.

Unloading 10 unused Assets to reduce memory usage. Loaded Objects now: 1557.
Total: 1.439900 ms (FindLiveObjects: 0.109900 ms CreateObjectMapping: 0.029300 ms MarkObjects: 1.237000 ms  DeleteObjects: 0.063200 ms)

========================================================================
Received Import Request.
  path: Assets/Scripts/Enemy.cs
  artifactKey: Guid(e1176a598bc76174690c3b7a71f9554d) Importer(815301076,1909f56bfc062723c751e8b465ee728b)
Start importing Assets/Scripts/Enemy.cs using Guid(e1176a598bc76174690c3b7a71f9554d) Importer(815301076,1909f56bfc062723c751e8b465ee728b)  -> (artifact id: '0d2cb0ec28a90b33ce43add5b16ee27d') in 0.043426 seconds
  Import took 0.053995 seconds .

========================================================================
Received Import Request.
  Time since last request: 330.781283 seconds.
  path: Assets/Prefabs
  artifactKey: Guid(dca7a5e04fc581f43adc8b5a2313275d) Importer(815301076,1909f56bfc062723c751e8b465ee728b)
Start importing Assets/Prefabs using Guid(dca7a5e04fc581f43adc8b5a2313275d) Importer(815301076,1909f56bfc062723c751e8b465ee728b)  -> (artifact id: '3230eb85a4e1bec0ffef57ed5a89a0fe') in 0.005785 seconds
  Import took 0.007999 seconds .

========================================================================
Received Prepare
Registering precompiled user dll's ...
Registered in 0.000383 seconds.
Begin MonoManager ReloadAssembly
Native extension for WindowsStandalone target not found
Refreshing native plugins compatible for Editor in 0.18 ms, found 0 plugins.
Preloading 0 native plugins for Editor in 0.00 ms.
Invoked RoslynAnalysisRunner static constructor.
RoslynAnalysisRunner will not be running.
RoslynAnalysisRunner has terminated.
Mono: successfully reloaded assembly
- Completed reload, in  0.647 seconds
Platform modules already initialized, skipping
Refreshing native plugins compatible for Editor in 0.17 ms, found 0 plugins.
Preloading 0 native plugins for Editor in 0.00 ms.
Unloading 1110 Unused Serialized files (Serialized files now loaded: 0)
System memory in use before: 56.9 MB.
System memory in use after: 57.0 MB.

Unloading 5 unused Assets to reduce memory usage. Loaded Objects now: 1560.
Total: 1.807600 ms (FindLiveObjects: 0.137400 ms CreateObjectMapping: 0.039400 ms MarkObjects: 1.575400 ms  DeleteObjects: 0.054100 ms)

========================================================================
Received Import Request.
  Time since last request: 71.479146 seconds.
  path: Assets/Prefabs/Log (Obstacle).prefab
  artifactKey: Guid(aa607d8b5d9ef344aaf83daca287b054) Importer(815301076,1909f56bfc062723c751e8b465ee728b)
Start importing Assets/Prefabs/Log (Obstacle).prefab using Guid(aa607d8b5d9ef344aaf83daca287b054) Importer(815301076,1909f56bfc062723c751e8b465ee728b)  -> (artifact id: '757bc7b74a03244ba0f97362d9422144') in 0.096141 seconds
  Import took 0.097945 seconds .

========================================================================
Received Import Request.
  Time since last request: 8.780117 seconds.
  path: Assets/Prefabs/Rock (Obstacle).prefab
  artifactKey: Guid(a1de21a676996a64795463b161a47608) Importer(815301076,1909f56bfc062723c751e8b465ee728b)
Start importing Assets/Prefabs/Rock (Obstacle).prefab using Guid(a1de21a676996a64795463b161a47608) Importer(815301076,1909f56bfc062723c751e8b465ee728b)  -> (artifact id: 'c118f0cdc7abafa17c99f39892d11931') in 0.013874 seconds
  Import took 0.023212 seconds .

========================================================================
Received Import Request.
  Time since last request: 0.016286 seconds.
  path: Assets/Prefabs/Rock (Obstacle).prefab
  artifactKey: Guid(a1de21a676996a64795463b161a47608) Importer(815301076,1909f56bfc062723c751e8b465ee728b)
Start importing Assets/Prefabs/Rock (Obstacle).prefab using Guid(a1de21a676996a64795463b161a47608) Importer(815301076,1909f56bfc062723c751e8b465ee728b)  -> (artifact id: 'c118f0cdc7abafa17c99f39892d11931') in 0.006640 seconds
  Import took 0.008587 seconds .

========================================================================
Received Prepare
Registering precompiled user dll's ...
Registered in 0.000488 seconds.
Begin MonoManager ReloadAssembly
Native extension for WindowsStandalone target not found
Refreshing native plugins compatible for Editor in 0.18 ms, found 0 plugins.
Preloading 0 native plugins for Editor in 0.00 ms.
Invoked RoslynAnalysisRunner static constructor.
RoslynAnalysisRunner will not be running.
RoslynAnalysisRunner has terminated.
Mono: successfully reloaded assembly
- Completed reload, in  0.703 seconds
Platform modules already initialized, skipping
Refreshing native plugins compatible for Editor in 0.19 ms, found 0 plugins.
Preloading 0 native plugins for Editor in 0.00 ms.
Unloading 1110 Unused Serialized files (Serialized files now loaded: 0)
System memory in use before: 60.1 MB.
System memory in use after: 60.2 MB.

Unloading 5 unused Assets to reduce memory usage. Loaded Objects now: 1572.
Total: 1.302400 ms (FindLiveObjects: 0.130100 ms CreateObjectMapping: 0.040200 ms MarkObjects: 1.095900 ms  DeleteObjects: 0.035400 ms)

========================================================================
Received Prepare
Registering precompiled user dll's ...
Registered in 0.000403 seconds.
Begin MonoManager ReloadAssembly
Native extension for WindowsStandalone target not found
Refreshing native plugins compatible for Editor in 0.16 ms, found 0 plugins.
Preloading 0 native plugins for Editor in 0.00 ms.
Invoked RoslynAnalysisRunner static constructor.
RoslynAnalysisRunner will not be running.
RoslynAnalysisRunner has terminated.
Mono: successfully reloaded assembly
- Completed reload, in  0.647 seconds
Platform modules already initialized, skipping
Refreshing native plugins compatible for Editor in 0.17 ms, found 0 plugins.
Preloading 0 native plugins for Editor in 0.00 ms.
Unloading 1110 Unused Serialized files (Serialized files now loaded: 0)
System memory in use before: 60.2 MB.
System memory in use after: 60.2 MB.

Unloading 5 unused Assets to reduce memory usage. Loaded Objects now: 1575.
Total: 1.905300 ms (FindLiveObjects: 0.162500 ms CreateObjectMapping: 0.044200 ms MarkObjects: 1.648300 ms  DeleteObjects: 0.049400 ms)

AssetImportWorkerClient::OnTransportError - code=2 error=End of file
